GPLCVER_2.12a of 05/16/07 (Cygwin32).
Copyright (c) 1991-2007 Pragmatic C Software Corp.
  All Rights reserved.  Licensed under the GNU General Public License (GPL).
  See the 'COPYING' file for details.  NO WARRANTY provided.
Today is Sun Apr 21 02:50:43 2019.
Compiling source file ".\multi_test.v"
Compiling source file ".\multi_top.v"
Highest level modules:
multi_test

                   0: A = x, B = x, O = x, RST = 0
                   5: A = 0, B = 0, O = x, RST = 1
out_buf = 00000000, cnt_out = 110
                  15: A = 1, B = 1, O = 0, RST = 0
out_buf = zzzzzzz0, cnt_out = 111
                  25: A = 0, B = 0, O = z, RST = 0
out_buf = zzzzzzz1, cnt_out = 000
                  35: A = 1, B = 1, O = 1, RST = 0
out_buf = zzzzzzz1, cnt_out = 001
                  45: A = 0, B = 0, O = z, RST = 0
out_buf = zzzzzzz1, cnt_out = 010
out_buf = zzzzzzz1, cnt_out = 011
out_buf = zzzzzzz0, cnt_out = 100
out_buf = zzzzzzz0, cnt_out = 101
Halted at location **.\multi_test.v(28) time 95 from call to $finish.
  There were 0 error(s), 0 warning(s), and 27 inform(s).
