GPLCVER_2.12a of 05/16/07 (Cygwin32).
Copyright (c) 1991-2007 Pragmatic C Software Corp.
  All Rights reserved.  Licensed under the GNU General Public License (GPL).
  See the 'COPYING' file for details.  NO WARRANTY provided.
Today is Wed May 15 19:48:16 2019.
Compiling source file "ctrl_signal_generator.v"
Compiling source file "multi_4bit_serial.v"
Compiling source file "multi_4bit_serial_test.v"
Compiling source file "multiplexcer_5to1.v"
Compiling source file "multiplier.v"
Compiling source file "populationCount.v"
Highest level modules:
multi_4bit_serial_test

                   0: A = x, B = x, O = x, RST = 1
                  10: A = 0, B = 0, O = 0, RST = 0
                  20: A = 1, B = 1, O = 0, RST = 1
                  35: A = 1, B = 1, O = 1, RST = 1
                  45: A = 1, B = 1, O = 0, RST = 1
                  55: A = 1, B = 1, O = 0, RST = 1
                  65: A = 1, B = 1, O = 0, RST = 1
                  75: A = 1, B = 1, O = 0, RST = 1
                  85: A = 1, B = 1, O = 1, RST = 1
                  95: A = 1, B = 1, O = 1, RST = 1
                 105: A = 1, B = 1, O = 1, RST = 1
                 115: A = 1, B = 1, O = 1, RST = 1
                 125: A = 1, B = 1, O = 0, RST = 1
Halted at location **multi_4bit_serial_test.v(30) time 130 from call to $finish.
  There were 0 error(s), 0 warning(s), and 8 inform(s).
