GPLCVER_2.12a of 05/16/07 (Cygwin32).
Copyright (c) 1991-2007 Pragmatic C Software Corp.
  All Rights reserved.  Licensed under the GNU General Public License (GPL).
  See the 'COPYING' file for details.  NO WARRANTY provided.
Today is Wed Sep 11 13:15:20 2019.
Compiling source file "TRIANGLE.v"
Compiling source file "TRIANGLE_tb.v"
Highest level modules:
TRIANGLE_tb

                   0: A = 127, B = 255, C = 200, OUT = 1
                  10: A =   3, B =   4, C =   5, OUT = 1
                  20: A =  10, B = 100, C = 255, OUT = 0
                  30: A =   1, B =   1, C =   1, OUT = 1
                  40: A =   1, B = 127, C = 255, OUT = 0
                  50: A =   1, B = 128, C = 127, OUT = 1
                  60: A = 254, B = 127, C = 127, OUT = 1
                  70: A = 127, B = 127, C = 254, OUT = 1
                  80: A = 255, B = 255, C = 255, OUT = 1
Halted at location **TRIANGLE_tb.v(31) time 110 from call to $finish.
  There were 0 error(s), 0 warning(s), and 3 inform(s).
