#-----------------------------------------------------------
# Vivado v2018.3 (64-bit)
# SW Build 2405991 on Thu Dec  6 23:38:27 MST 2018
# IP Build 2404404 on Fri Dec  7 01:43:56 MST 2018
# Start of session at: Fri Oct 18 14:36:38 2019
# Process ID: 9136
# Current directory: C:/Users/shuns/Documents/verilog/seminner/10/project_1
# Command line: vivado.exe -gui_launcher_event rodinguilauncherevent12892 C:\Users\shuns\Documents\verilog\seminner\10\project_1\project_1.xpr
# Log file: C:/Users/shuns/Documents/verilog/seminner/10/project_1/vivado.log
# Journal file: C:/Users/shuns/Documents/verilog/seminner/10/project_1\vivado.jou
#-----------------------------------------------------------
start_gui
open_project C:/Users/shuns/Documents/verilog/seminner/10/project_1/project_1.xpr
Scanning sources...
Finished scanning sources
INFO: [IP_Flow 19-234] Refreshing IP repositories
INFO: [IP_Flow 19-1704] No user IP repositories specified
INFO: [IP_Flow 19-2313] Loaded Vivado IP repository 'C:/Xilinx/Vivado/2018.3/data/ip'.
open_project: Time (s): cpu = 00:00:22 ; elapsed = 00:00:12 . Memory (MB): peak = 675.750 ; gain = 107.438
update_compile_order -fileset sources_1
exit
INFO: [Common 17-206] Exiting Vivado at Fri Oct 18 14:37:38 2019...
